\BOOKMARK [0][-]{section*.2}{Spis tresci}{}
\BOOKMARK [0][-]{chapter*.3}{Wstep}{}
\BOOKMARK [0][-]{chapter.1}{Techniki po stronie serwera}{}
\BOOKMARK [1][-]{section.1.1}{Interfejs CGI}{chapter.1}
\BOOKMARK [1][-]{section.1.2}{Java}{chapter.1}
\BOOKMARK [1][-]{section.1.3}{C\043.NET}{chapter.1}
\BOOKMARK [1][-]{section.1.4}{PHP}{chapter.1}
\BOOKMARK [1][-]{section.1.5}{Python}{chapter.1}
\BOOKMARK [1][-]{section.1.6}{Ruby}{chapter.1}
\BOOKMARK [1][-]{section.1.7}{Ruby on Rails}{chapter.1}
\BOOKMARK [0][-]{chapter.2}{Techniki po stronie klienta}{}
\BOOKMARK [1][-]{section.2.1}{HTTP}{chapter.2}
\BOOKMARK [1][-]{section.2.2}{HTML}{chapter.2}
\BOOKMARK [1][-]{section.2.3}{CSS}{chapter.2}
\BOOKMARK [1][-]{section.2.4}{JavaScript}{chapter.2}
\BOOKMARK [1][-]{section.2.5}{RSS}{chapter.2}
\BOOKMARK [1][-]{section.2.6}{YAML}{chapter.2}
\BOOKMARK [1][-]{section.2.7}{Przegladarki internetowe}{chapter.2}
\BOOKMARK [0][-]{chapter.3}{Koncepcje w aplikacjach internetowych}{}
\BOOKMARK [1][-]{section.3.1}{Model-view-controller}{chapter.3}
\BOOKMARK [2][-]{subsection.3.1.1}{Kr\363tka historia}{section.3.1}
\BOOKMARK [2][-]{subsection.3.1.2}{Opis wzorca}{section.3.1}
\BOOKMARK [2][-]{subsection.3.1.3}{Zastosowanie w aplikacjach internetowych}{section.3.1}
\BOOKMARK [1][-]{section.3.2}{Mapowanie ORM}{chapter.3}
\BOOKMARK [2][-]{subsection.3.2.1}{Opis problemu mapowania}{section.3.2}
\BOOKMARK [2][-]{subsection.3.2.2}{Implementacje}{section.3.2}
\BOOKMARK [2][-]{subsection.3.2.3}{Zastosowanie w aplikacjach internetowych}{section.3.2}
\BOOKMARK [1][-]{section.3.3}{Metodologia REST}{chapter.3}
\BOOKMARK [2][-]{subsection.3.3.1}{Zalozenia projektowe}{section.3.3}
\BOOKMARK [2][-]{subsection.3.3.2}{Zastosowanie w aplikacjach internetowych}{section.3.3}
\BOOKMARK [1][-]{section.3.4}{Jezyk DSL}{chapter.3}
\BOOKMARK [2][-]{subsection.3.4.1}{Przyklady zastosowan}{section.3.4}
\BOOKMARK [2][-]{subsection.3.4.2}{Zastosowanie w aplikacjach internetowych}{section.3.4}
\BOOKMARK [1][-]{section.3.5}{Metody CRUD}{chapter.3}
\BOOKMARK [2][-]{subsection.3.5.1}{CRUD w relacyjnych bazach danych}{section.3.5}
\BOOKMARK [2][-]{subsection.3.5.2}{Zastosowanie w aplikacjach internetowych}{section.3.5}
\BOOKMARK [1][-]{section.3.6}{Regula DRY}{chapter.3}
\BOOKMARK [2][-]{subsection.3.6.1}{Ograniczenia idei DRY}{section.3.6}
\BOOKMARK [2][-]{subsection.3.6.2}{Zastosowanie w aplikacjach internetowych}{section.3.6}
\BOOKMARK [1][-]{section.3.7}{Zasada Convention over Configuration}{chapter.3}
\BOOKMARK [2][-]{subsection.3.7.1}{Geneza}{section.3.7}
\BOOKMARK [2][-]{subsection.3.7.2}{Zastosowanie w aplikacjach internetowych}{section.3.7}
\BOOKMARK [0][-]{chapter.4}{Realizacja serwisu WWW}{}
\BOOKMARK [1][-]{section.4.1}{Opis funkcjonalny aplikacji}{chapter.4}
\BOOKMARK [1][-]{section.4.2}{Srodowisko narzedziowe}{chapter.4}
\BOOKMARK [2][-]{subsection.4.2.1}{Ruby i pochodne}{section.4.2}
\BOOKMARK [2][-]{subsection.4.2.2}{Dodatkowe pakiety}{section.4.2}
\BOOKMARK [2][-]{subsection.4.2.3}{Aplikacje wspomagajace tworzenie projektu}{section.4.2}
\BOOKMARK [1][-]{section.4.3}{Projekt bazy danych}{chapter.4}
\BOOKMARK [2][-]{subsection.4.3.1}{Opis tabel}{section.4.3}
\BOOKMARK [2][-]{subsection.4.3.2}{Opis relacji}{section.4.3}
\BOOKMARK [1][-]{section.4.4}{Konwersja bazy danych}{chapter.4}
\BOOKMARK [2][-]{subsection.4.4.1}{Laczenie konwertera z bazami}{section.4.4}
\BOOKMARK [2][-]{subsection.4.4.2}{Plik konfiguracyjny konwersji}{section.4.4}
\BOOKMARK [2][-]{subsection.4.4.3}{Uruchamianie konwertera}{section.4.4}
\BOOKMARK [1][-]{section.4.5}{Mapa serwisu}{chapter.4}
\BOOKMARK [1][-]{section.4.6}{Opis poszczeg\363lnych kontroler\363w i akcji}{chapter.4}
\BOOKMARK [2][-]{subsection.4.6.1}{IndexController}{section.4.6}
\BOOKMARK [2][-]{subsection.4.6.2}{AboutController}{section.4.6}
\BOOKMARK [2][-]{subsection.4.6.3}{CsvController}{section.4.6}
\BOOKMARK [2][-]{subsection.4.6.4}{DeaneryController}{section.4.6}
\BOOKMARK [2][-]{subsection.4.6.5}{FileController}{section.4.6}
\BOOKMARK [2][-]{subsection.4.6.6}{LecturersController}{section.4.6}
\BOOKMARK [2][-]{subsection.4.6.7}{MaterialsController}{section.4.6}
\BOOKMARK [2][-]{subsection.4.6.8}{NewsController}{section.4.6}
\BOOKMARK [2][-]{subsection.4.6.9}{PostgraduateController}{section.4.6}
\BOOKMARK [2][-]{subsection.4.6.10}{ProfileController}{section.4.6}
\BOOKMARK [2][-]{subsection.4.6.11}{RedirectController}{section.4.6}
\BOOKMARK [2][-]{subsection.4.6.12}{RegisterController}{section.4.6}
\BOOKMARK [2][-]{subsection.4.6.13}{RssController}{section.4.6}
\BOOKMARK [2][-]{subsection.4.6.14}{RtfController}{section.4.6}
\BOOKMARK [2][-]{subsection.4.6.15}{SettingsController}{section.4.6}
\BOOKMARK [2][-]{subsection.4.6.16}{SigninController}{section.4.6}
\BOOKMARK [2][-]{subsection.4.6.17}{StudentsController}{section.4.6}
\BOOKMARK [2][-]{subsection.4.6.18}{SubjectController}{section.4.6}
\BOOKMARK [1][-]{section.4.7}{Komponenty}{chapter.4}
\BOOKMARK [2][-]{subsection.4.7.1}{IdEncoder}{section.4.7}
\BOOKMARK [2][-]{subsection.4.7.2}{Pager}{section.4.7}
\BOOKMARK [2][-]{subsection.4.7.3}{Imieniny}{section.4.7}
\BOOKMARK [2][-]{subsection.4.7.4}{Deklaracje}{section.4.7}
\BOOKMARK [1][-]{section.4.8}{Przemapowanie hiperlaczy}{chapter.4}
\BOOKMARK [1][-]{section.4.9}{Testowanie i instalacja}{chapter.4}
\BOOKMARK [0][-]{chapter.5}{Zakonczenie}{}
\BOOKMARK [0][-]{chapter*.56}{Podziekowania}{}
\BOOKMARK [0][-]{section*.58}{Bibliografia}{}
